<?xml version="1.0" encoding="UTF-8"?>
<!-- Generated by org.testng.reporters.JUnitXMLReporter -->
<testsuite hostname="Gaurav" name="Test" tests="1" failures="1" timestamp="24 Mar 2018 20:38:08 GMT" time="18.039" errors="0">
  <testcase name="Firefox" time="17.952" classname="com.pages.HomePage">
    <failure type="java.lang.NullPointerException">
      <![CDATA[java.lang.NullPointerException
	at com.pages.HomePage.Firefox(HomePage.java:58)
... Removed 24 stack frames]]>
    </failure>
  </testcase> <!-- Firefox -->
</testsuite> <!-- Test -->
